<?xml version="1.0" encoding="UTF-8"?>
<testng-results ignored="0" total="2" passed="2" failed="0" skipped="0">
  <reporter-output>
  </reporter-output>
  <suite started-at="2024-10-30T09:56:57 IST" name="Master_Suite" finished-at="2024-10-30T09:57:23 IST" duration-ms="26225">
    <groups>
      <group name="Master">
        <method signature="TC_001_AccountRegistrationTest.verify_account_registration()[pri:0, instance:testCases.TC_001_AccountRegistrationTest@25ddbbbb]" name="verify_account_registration" class="testCases.TC_001_AccountRegistrationTest"/>
        <method signature="TC_002_AccountLogin.verify_account_login()[pri:0, instance:testCases.TC_002_AccountLogin@7fcbe147]" name="verify_account_login" class="testCases.TC_002_AccountLogin"/>
      </group> <!-- Master -->
      <group name="Sanity">
        <method signature="TC_002_AccountLogin.verify_account_login()[pri:0, instance:testCases.TC_002_AccountLogin@7fcbe147]" name="verify_account_login" class="testCases.TC_002_AccountLogin"/>
      </group> <!-- Sanity -->
      <group name="Regression">
        <method signature="TC_001_AccountRegistrationTest.verify_account_registration()[pri:0, instance:testCases.TC_001_AccountRegistrationTest@25ddbbbb]" name="verify_account_registration" class="testCases.TC_001_AccountRegistrationTest"/>
      </group> <!-- Regression -->
    </groups>
    <test started-at="2024-10-30T09:56:57 IST" name="Test" finished-at="2024-10-30T09:57:23 IST" duration-ms="26225">
      <class name="testCases.TC_001_AccountRegistrationTest">
        <test-method is-config="true" signature="setup(java.lang.String,java.lang.String)[pri:0, instance:testCases.TC_001_AccountRegistrationTest@25ddbbbb]" started-at="2024-10-30T09:56:57 IST" name="setup" finished-at="2024-10-30T09:57:05 IST" duration-ms="8142" status="PASS">
          <params>
            <param index="0">
              <value>
                <![CDATA[Windows]]>
              </value>
            </param>
            <param index="1">
              <value>
                <![CDATA[chrome]]>
              </value>
            </param>
          </params>
          <reporter-output>
          </reporter-output>
        </test-method> <!-- setup -->
        <test-method signature="verify_account_registration()[pri:0, instance:testCases.TC_001_AccountRegistrationTest@25ddbbbb]" started-at="2024-10-30T09:57:05 IST" name="verify_account_registration" finished-at="2024-10-30T09:57:07 IST" duration-ms="2051" status="PASS">
          <reporter-output>
          </reporter-output>
        </test-method> <!-- verify_account_registration -->
        <test-method is-config="true" signature="tearDown()[pri:0, instance:testCases.TC_001_AccountRegistrationTest@25ddbbbb]" started-at="2024-10-30T09:57:07 IST" name="tearDown" finished-at="2024-10-30T09:57:10 IST" duration-ms="3197" status="PASS">
          <reporter-output>
          </reporter-output>
        </test-method> <!-- tearDown -->
      </class> <!-- testCases.TC_001_AccountRegistrationTest -->
      <class name="testCases.TC_002_AccountLogin">
        <test-method is-config="true" signature="setup(java.lang.String,java.lang.String)[pri:0, instance:testCases.TC_002_AccountLogin@7fcbe147]" started-at="2024-10-30T09:57:10 IST" name="setup" finished-at="2024-10-30T09:57:13 IST" duration-ms="2371" status="PASS">
          <params>
            <param index="0">
              <value>
                <![CDATA[Windows]]>
              </value>
            </param>
            <param index="1">
              <value>
                <![CDATA[chrome]]>
              </value>
            </param>
          </params>
          <reporter-output>
          </reporter-output>
        </test-method> <!-- setup -->
        <test-method signature="verify_account_login()[pri:0, instance:testCases.TC_002_AccountLogin@7fcbe147]" started-at="2024-10-30T09:57:13 IST" name="verify_account_login" finished-at="2024-10-30T09:57:20 IST" duration-ms="6955" status="PASS">
          <reporter-output>
          </reporter-output>
        </test-method> <!-- verify_account_login -->
        <test-method is-config="true" signature="tearDown()[pri:0, instance:testCases.TC_002_AccountLogin@7fcbe147]" started-at="2024-10-30T09:57:20 IST" name="tearDown" finished-at="2024-10-30T09:57:23 IST" duration-ms="3233" status="PASS">
          <reporter-output>
          </reporter-output>
        </test-method> <!-- tearDown -->
      </class> <!-- testCases.TC_002_AccountLogin -->
    </test> <!-- Test -->
  </suite> <!-- Master_Suite -->
</testng-results>
